Hello World!
Hello World!
Hello World!
Hello World!
Execution Started for file
File: C:\Users\nanda\git\xps.local.npm\vbspm\lib\CPOL\vb_format_function.test.vbs
Execution Started for file
File: 
Execution Started for file
File: 
Execution Started for file
File: C:\Users\nanda\git\xps.local.npm\vbspm\lib\CPOL\vb_format_function.test.vbs
Execution Started for file
File: 
Execution Started for file
File: bin\test.vbs
Execution Started for file
File: bin\test.vbs
Execution Started for file
File: bin\test.vbs
Execution Started for file
File: bin\test.vbs
Execution Started for file
File: bin\test.vbs
Execution Started for file
File: bin\test.vbs
Execution Started for file
File: bin\test.vbs
Execution Started for file
File: bin\test.vbs
